<?xml version="1.0" encoding="UTF-8" ?>
<testsuite tests="7" failures="0" name="com.yxm.security.web.controller.UserControllerTest" time="2.353" errors="0" skipped="0">
  <properties>
    <property name="java.runtime.name" value="Java(TM) SE Runtime Environment"/>
    <property name="sun.boot.library.path" value="D:\Java\jdk1.8.0_151\jre\bin"/>
    <property name="java.vm.version" value="25.151-b12"/>
    <property name="java.vm.vendor" value="Oracle Corporation"/>
    <property name="maven.multiModuleProjectDirectory" value="F:\std\spring-security\spring-security-demo"/>
    <property name="java.vendor.url" value="http://java.oracle.com/"/>
    <property name="path.separator" value=";"/>
    <property name="guice.disable.misplaced.annotation.check" value="true"/>
    <property name="java.vm.name" value="Java HotSpot(TM) 64-Bit Server VM"/>
    <property name="file.encoding.pkg" value="sun.io"/>
    <property name="user.script" value=""/>
    <property name="user.country" value="CN"/>
    <property name="sun.java.launcher" value="SUN_STANDARD"/>
    <property name="sun.os.patch.level" value="Service Pack 1"/>
    <property name="java.vm.specification.name" value="Java Virtual Machine Specification"/>
    <property name="user.dir" value="F:\std\spring-security\spring-security-demo"/>
    <property name="java.runtime.version" value="1.8.0_151-b12"/>
    <property name="java.awt.graphicsenv" value="sun.awt.Win32GraphicsEnvironment"/>
    <property name="java.endorsed.dirs" value="D:\Java\jdk1.8.0_151\jre\lib\endorsed"/>
    <property name="os.arch" value="amd64"/>
    <property name="java.io.tmpdir" value="C:\Users\yxm\AppData\Local\Temp\"/>
    <property name="line.separator" value="
"/>
    <property name="java.vm.specification.vendor" value="Oracle Corporation"/>
    <property name="user.variant" value=""/>
    <property name="os.name" value="Windows 7"/>
    <property name="maven.ext.class.path" value="D:\MyDrivers\software\IntelliJ IDEA 2019.2.4\plugins\maven\lib\maven-event-listener.jar"/>
    <property name="classworlds.conf" value="E:\apache-maven-3.5.2\bin\m2.conf"/>
    <property name="sun.jnu.encoding" value="GBK"/>
    <property name="java.library.path" value="D:\Java\jdk1.8.0_151\bin;C:\Windows\Sun\Java\bin;C:\Windows\system32;C:\Windows;D:\software\xshell\;D:\software\xftp\;C:\Windows\system32;C:\Windows;C:\Windows\System32\Wbem;C:\Windows\System32\WindowsPowerShell\v1.0\;D:\software\Intel\WiFi\bin\;C:\Program Files\Common Files\Intel\WirelessCommon\;D:\Java\jdk1.8.0_151\bin;D:\software\ue;E:\apache-maven-3.5.2\bin;D:\software\Git\cmd;F:\yexinming\blog\Hexo\node_modules\.bin;D:\software\cmder;D:\software\nodejs\;C:\Program Files\MySQL\MySQL Shell 8.0\bin\;D:\software\Intel\WiFi\bin\;C:\Program Files\Common Files\Intel\WirelessCommon\;D:\software\Docker Toolbox;C:\Users\yxm\AppData\Roaming\npm;."/>
    <property name="maven.conf" value="E:\apache-maven-3.5.2/conf"/>
    <property name="java.specification.name" value="Java Platform API Specification"/>
    <property name="java.class.version" value="52.0"/>
    <property name="sun.management.compiler" value="HotSpot 64-Bit Tiered Compilers"/>
    <property name="maven.repo.local" value="D:\Repository"/>
    <property name="os.version" value="6.1"/>
    <property name="user.home" value="C:\Users\yxm"/>
    <property name="user.timezone" value="Asia/Shanghai"/>
    <property name="java.awt.printerjob" value="sun.awt.windows.WPrinterJob"/>
    <property name="java.specification.version" value="1.8"/>
    <property name="file.encoding" value="UTF-8"/>
    <property name="idea.version2019.2.4" value="true"/>
    <property name="user.name" value="yxm"/>
    <property name="java.class.path" value="E:\apache-maven-3.5.2\boot\plexus-classworlds-2.5.2.jar;D:\MyDrivers\software\IntelliJ IDEA 2019.2.4\lib\idea_rt.jar"/>
    <property name="java.vm.specification.version" value="1.8"/>
    <property name="sun.arch.data.model" value="64"/>
    <property name="java.home" value="D:\Java\jdk1.8.0_151\jre"/>
    <property name="sun.java.command" value="org.codehaus.classworlds.Launcher -Didea.version2019.2.4 -s E:\apache-maven-3.5.2\conf\settings.xml -Dmaven.repo.local=D:\Repository install"/>
    <property name="java.specification.vendor" value="Oracle Corporation"/>
    <property name="user.language" value="zh"/>
    <property name="awt.toolkit" value="sun.awt.windows.WToolkit"/>
    <property name="java.vm.info" value="mixed mode"/>
    <property name="java.version" value="1.8.0_151"/>
    <property name="java.ext.dirs" value="D:\Java\jdk1.8.0_151\jre\lib\ext;C:\Windows\Sun\Java\lib\ext"/>
    <property name="sun.boot.class.path" value="D:\Java\jdk1.8.0_151\jre\lib\resources.jar;D:\Java\jdk1.8.0_151\jre\lib\rt.jar;D:\Java\jdk1.8.0_151\jre\lib\sunrsasign.jar;D:\Java\jdk1.8.0_151\jre\lib\jsse.jar;D:\Java\jdk1.8.0_151\jre\lib\jce.jar;D:\Java\jdk1.8.0_151\jre\lib\charsets.jar;D:\Java\jdk1.8.0_151\jre\lib\jfr.jar;D:\Java\jdk1.8.0_151\jre\classes"/>
    <property name="java.vendor" value="Oracle Corporation"/>
    <property name="maven.home" value="E:\apache-maven-3.5.2"/>
    <property name="file.separator" value="\"/>
    <property name="java.vendor.url.bug" value="http://bugreport.sun.com/bugreport/"/>
    <property name="sun.cpu.endian" value="little"/>
    <property name="sun.io.unicode.encoding" value="UnicodeLittle"/>
    <property name="sun.desktop" value="windows"/>
    <property name="sun.cpu.isalist" value="amd64"/>
  </properties>
  <testcase classname="com.yxm.security.web.controller.UserControllerTest" name="whenDetailInfoFail" time="0.475"/>
  <testcase classname="com.yxm.security.web.controller.UserControllerTest" name="whenUploadSuccess" time="0.334"/>
  <testcase classname="com.yxm.security.web.controller.UserControllerTest" name="whenDetailInfoSuccess" time="0.673"/>
  <testcase classname="com.yxm.security.web.controller.UserControllerTest" name="whenQuerySuccess" time="0.148"/>
  <testcase classname="com.yxm.security.web.controller.UserControllerTest" name="whenCreateSuccess" time="0.015"/>
  <testcase classname="com.yxm.security.web.controller.UserControllerTest" name="whenUpdateSuccess" time="0.626"/>
  <testcase classname="com.yxm.security.web.controller.UserControllerTest" name="whenDeleteSuccess" time="0.082"/>
</testsuite>